Created by PLY version 3.11 (http://www.dabeaz.com/ply)

Unused terminals:

    MAYORQ
    MENORQ

Grammar

Rule 0     S' -> for_loop
Rule 1     for_loop -> FOR LPAREN INT ID EQUALS NUM SEMICOLON ID LEQ NUM SEMICOLON ID PLUS PLUS RPAREN LBRACE SYSTEM DOT OUT DOT PRINTLN LPAREN STRING PLUS NUM RPAREN SEMICOLON RBRACE
Rule 2     for_loop -> INT ID SEMICOLON FOR LPAREN ID EQUALS NUM SEMICOLON ID LEQ NUM SEMICOLON ID PLUS PLUS RPAREN LBRACE SYSTEM DOT OUT DOT PRINTLN LPAREN STRING PLUS NUM RPAREN SEMICOLON RBRACE
Rule 3     for_loop -> INT ID EQUALS NUM SEMICOLON FOR LPAREN ID SEMICOLON ID LEQ NUM SEMICOLON ID PLUS PLUS RPAREN LBRACE SYSTEM DOT OUT DOT PRINTLN LPAREN STRING PLUS NUM RPAREN SEMICOLON RBRACE
Rule 4     for_loop -> INT ID SEMICOLON FOR LPAREN INT ID EQUALS NUM SEMICOLON ID LEQ NUM SEMICOLON ID PLUS PLUS RPAREN LBRACE SYSTEM DOT OUT DOT PRINTLN LPAREN STRING PLUS NUM RPAREN SEMICOLON RBRACE
Rule 5     for_loop -> INT ID SEMICOLON INT ID SEMICOLON FOR LPAREN INT ID EQUALS NUM SEMICOLON ID LEQ NUM SEMICOLON ID PLUS PLUS RPAREN LBRACE SYSTEM DOT OUT DOT PRINTLN LPAREN STRING PLUS NUM RPAREN SEMICOLON RBRACE
Rule 6     for_loop -> FOR LPAREN INT ID EQUALS NUM SEMICOLON ID LEQ NUM SEMICOLON ID LESS LESS RPAREN LBRACE SYSTEM DOT OUT DOT PRINTLN LPAREN STRING PLUS NUM RPAREN SEMICOLON RBRACE

Terminals, with rules where they appear

DOT                  : 1 1 2 2 3 3 4 4 5 5 6 6
EQUALS               : 1 2 3 4 5 6
FOR                  : 1 2 3 4 5 6
ID                   : 1 1 1 2 2 2 2 3 3 3 3 4 4 4 4 5 5 5 5 5 6 6 6
INT                  : 1 2 3 4 4 5 5 5 6
LBRACE               : 1 2 3 4 5 6
LEQ                  : 1 2 3 4 5 6
LESS                 : 6 6
LPAREN               : 1 1 2 2 3 3 4 4 5 5 6 6
MAYORQ               : 
MENORQ               : 
NUM                  : 1 1 1 2 2 2 3 3 3 4 4 4 5 5 5 6 6 6
OUT                  : 1 2 3 4 5 6
PLUS                 : 1 1 1 2 2 2 3 3 3 4 4 4 5 5 5 6
PRINTLN              : 1 2 3 4 5 6
RBRACE               : 1 2 3 4 5 6
RPAREN               : 1 1 2 2 3 3 4 4 5 5 6 6
SEMICOLON            : 1 1 1 2 2 2 2 3 3 3 3 4 4 4 4 5 5 5 5 5 6 6 6
STRING               : 1 2 3 4 5 6
SYSTEM               : 1 2 3 4 5 6
error                : 

Nonterminals, with rules where they appear

for_loop             : 0

Parsing method: LALR

state 0

    (0) S' -> . for_loop
    (1) for_loop -> . FOR LPAREN INT ID EQUALS NUM SEMICOLON ID LEQ NUM SEMICOLON ID PLUS PLUS RPAREN LBRACE SYSTEM DOT OUT DOT PRINTLN LPAREN STRING PLUS NUM RPAREN SEMICOLON RBRACE
    (2) for_loop -> . INT ID SEMICOLON FOR LPAREN ID EQUALS NUM SEMICOLON ID LEQ NUM SEMICOLON ID PLUS PLUS RPAREN LBRACE SYSTEM DOT OUT DOT PRINTLN LPAREN STRING PLUS NUM RPAREN SEMICOLON RBRACE
    (3) for_loop -> . INT ID EQUALS NUM SEMICOLON FOR LPAREN ID SEMICOLON ID LEQ NUM SEMICOLON ID PLUS PLUS RPAREN LBRACE SYSTEM DOT OUT DOT PRINTLN LPAREN STRING PLUS NUM RPAREN SEMICOLON RBRACE
    (4) for_loop -> . INT ID SEMICOLON FOR LPAREN INT ID EQUALS NUM SEMICOLON ID LEQ NUM SEMICOLON ID PLUS PLUS RPAREN LBRACE SYSTEM DOT OUT DOT PRINTLN LPAREN STRING PLUS NUM RPAREN SEMICOLON RBRACE
    (5) for_loop -> . INT ID SEMICOLON INT ID SEMICOLON FOR LPAREN INT ID EQUALS NUM SEMICOLON ID LEQ NUM SEMICOLON ID PLUS PLUS RPAREN LBRACE SYSTEM DOT OUT DOT PRINTLN LPAREN STRING PLUS NUM RPAREN SEMICOLON RBRACE
    (6) for_loop -> . FOR LPAREN INT ID EQUALS NUM SEMICOLON ID LEQ NUM SEMICOLON ID LESS LESS RPAREN LBRACE SYSTEM DOT OUT DOT PRINTLN LPAREN STRING PLUS NUM RPAREN SEMICOLON RBRACE

    FOR             shift and go to state 2
    INT             shift and go to state 3

    for_loop                       shift and go to state 1

state 1

    (0) S' -> for_loop .



state 2

    (1) for_loop -> FOR . LPAREN INT ID EQUALS NUM SEMICOLON ID LEQ NUM SEMICOLON ID PLUS PLUS RPAREN LBRACE SYSTEM DOT OUT DOT PRINTLN LPAREN STRING PLUS NUM RPAREN SEMICOLON RBRACE
    (6) for_loop -> FOR . LPAREN INT ID EQUALS NUM SEMICOLON ID LEQ NUM SEMICOLON ID LESS LESS RPAREN LBRACE SYSTEM DOT OUT DOT PRINTLN LPAREN STRING PLUS NUM RPAREN SEMICOLON RBRACE

    LPAREN          shift and go to state 4


state 3

    (2) for_loop -> INT . ID SEMICOLON FOR LPAREN ID EQUALS NUM SEMICOLON ID LEQ NUM SEMICOLON ID PLUS PLUS RPAREN LBRACE SYSTEM DOT OUT DOT PRINTLN LPAREN STRING PLUS NUM RPAREN SEMICOLON RBRACE
    (3) for_loop -> INT . ID EQUALS NUM SEMICOLON FOR LPAREN ID SEMICOLON ID LEQ NUM SEMICOLON ID PLUS PLUS RPAREN LBRACE SYSTEM DOT OUT DOT PRINTLN LPAREN STRING PLUS NUM RPAREN SEMICOLON RBRACE
    (4) for_loop -> INT . ID SEMICOLON FOR LPAREN INT ID EQUALS NUM SEMICOLON ID LEQ NUM SEMICOLON ID PLUS PLUS RPAREN LBRACE SYSTEM DOT OUT DOT PRINTLN LPAREN STRING PLUS NUM RPAREN SEMICOLON RBRACE
    (5) for_loop -> INT . ID SEMICOLON INT ID SEMICOLON FOR LPAREN INT ID EQUALS NUM SEMICOLON ID LEQ NUM SEMICOLON ID PLUS PLUS RPAREN LBRACE SYSTEM DOT OUT DOT PRINTLN LPAREN STRING PLUS NUM RPAREN SEMICOLON RBRACE

    ID              shift and go to state 5


state 4

    (1) for_loop -> FOR LPAREN . INT ID EQUALS NUM SEMICOLON ID LEQ NUM SEMICOLON ID PLUS PLUS RPAREN LBRACE SYSTEM DOT OUT DOT PRINTLN LPAREN STRING PLUS NUM RPAREN SEMICOLON RBRACE
    (6) for_loop -> FOR LPAREN . INT ID EQUALS NUM SEMICOLON ID LEQ NUM SEMICOLON ID LESS LESS RPAREN LBRACE SYSTEM DOT OUT DOT PRINTLN LPAREN STRING PLUS NUM RPAREN SEMICOLON RBRACE

    INT             shift and go to state 6


state 5

    (2) for_loop -> INT ID . SEMICOLON FOR LPAREN ID EQUALS NUM SEMICOLON ID LEQ NUM SEMICOLON ID PLUS PLUS RPAREN LBRACE SYSTEM DOT OUT DOT PRINTLN LPAREN STRING PLUS NUM RPAREN SEMICOLON RBRACE
    (3) for_loop -> INT ID . EQUALS NUM SEMICOLON FOR LPAREN ID SEMICOLON ID LEQ NUM SEMICOLON ID PLUS PLUS RPAREN LBRACE SYSTEM DOT OUT DOT PRINTLN LPAREN STRING PLUS NUM RPAREN SEMICOLON RBRACE
    (4) for_loop -> INT ID . SEMICOLON FOR LPAREN INT ID EQUALS NUM SEMICOLON ID LEQ NUM SEMICOLON ID PLUS PLUS RPAREN LBRACE SYSTEM DOT OUT DOT PRINTLN LPAREN STRING PLUS NUM RPAREN SEMICOLON RBRACE
    (5) for_loop -> INT ID . SEMICOLON INT ID SEMICOLON FOR LPAREN INT ID EQUALS NUM SEMICOLON ID LEQ NUM SEMICOLON ID PLUS PLUS RPAREN LBRACE SYSTEM DOT OUT DOT PRINTLN LPAREN STRING PLUS NUM RPAREN SEMICOLON RBRACE

    SEMICOLON       shift and go to state 7
    EQUALS          shift and go to state 8


state 6

    (1) for_loop -> FOR LPAREN INT . ID EQUALS NUM SEMICOLON ID LEQ NUM SEMICOLON ID PLUS PLUS RPAREN LBRACE SYSTEM DOT OUT DOT PRINTLN LPAREN STRING PLUS NUM RPAREN SEMICOLON RBRACE
    (6) for_loop -> FOR LPAREN INT . ID EQUALS NUM SEMICOLON ID LEQ NUM SEMICOLON ID LESS LESS RPAREN LBRACE SYSTEM DOT OUT DOT PRINTLN LPAREN STRING PLUS NUM RPAREN SEMICOLON RBRACE

    ID              shift and go to state 9


state 7

    (2) for_loop -> INT ID SEMICOLON . FOR LPAREN ID EQUALS NUM SEMICOLON ID LEQ NUM SEMICOLON ID PLUS PLUS RPAREN LBRACE SYSTEM DOT OUT DOT PRINTLN LPAREN STRING PLUS NUM RPAREN SEMICOLON RBRACE
    (4) for_loop -> INT ID SEMICOLON . FOR LPAREN INT ID EQUALS NUM SEMICOLON ID LEQ NUM SEMICOLON ID PLUS PLUS RPAREN LBRACE SYSTEM DOT OUT DOT PRINTLN LPAREN STRING PLUS NUM RPAREN SEMICOLON RBRACE
    (5) for_loop -> INT ID SEMICOLON . INT ID SEMICOLON FOR LPAREN INT ID EQUALS NUM SEMICOLON ID LEQ NUM SEMICOLON ID PLUS PLUS RPAREN LBRACE SYSTEM DOT OUT DOT PRINTLN LPAREN STRING PLUS NUM RPAREN SEMICOLON RBRACE

    FOR             shift and go to state 11
    INT             shift and go to state 10


state 8

    (3) for_loop -> INT ID EQUALS . NUM SEMICOLON FOR LPAREN ID SEMICOLON ID LEQ NUM SEMICOLON ID PLUS PLUS RPAREN LBRACE SYSTEM DOT OUT DOT PRINTLN LPAREN STRING PLUS NUM RPAREN SEMICOLON RBRACE

    NUM             shift and go to state 12


state 9

    (1) for_loop -> FOR LPAREN INT ID . EQUALS NUM SEMICOLON ID LEQ NUM SEMICOLON ID PLUS PLUS RPAREN LBRACE SYSTEM DOT OUT DOT PRINTLN LPAREN STRING PLUS NUM RPAREN SEMICOLON RBRACE
    (6) for_loop -> FOR LPAREN INT ID . EQUALS NUM SEMICOLON ID LEQ NUM SEMICOLON ID LESS LESS RPAREN LBRACE SYSTEM DOT OUT DOT PRINTLN LPAREN STRING PLUS NUM RPAREN SEMICOLON RBRACE

    EQUALS          shift and go to state 13


state 10

    (5) for_loop -> INT ID SEMICOLON INT . ID SEMICOLON FOR LPAREN INT ID EQUALS NUM SEMICOLON ID LEQ NUM SEMICOLON ID PLUS PLUS RPAREN LBRACE SYSTEM DOT OUT DOT PRINTLN LPAREN STRING PLUS NUM RPAREN SEMICOLON RBRACE

    ID              shift and go to state 14


state 11

    (2) for_loop -> INT ID SEMICOLON FOR . LPAREN ID EQUALS NUM SEMICOLON ID LEQ NUM SEMICOLON ID PLUS PLUS RPAREN LBRACE SYSTEM DOT OUT DOT PRINTLN LPAREN STRING PLUS NUM RPAREN SEMICOLON RBRACE
    (4) for_loop -> INT ID SEMICOLON FOR . LPAREN INT ID EQUALS NUM SEMICOLON ID LEQ NUM SEMICOLON ID PLUS PLUS RPAREN LBRACE SYSTEM DOT OUT DOT PRINTLN LPAREN STRING PLUS NUM RPAREN SEMICOLON RBRACE

    LPAREN          shift and go to state 15


state 12

    (3) for_loop -> INT ID EQUALS NUM . SEMICOLON FOR LPAREN ID SEMICOLON ID LEQ NUM SEMICOLON ID PLUS PLUS RPAREN LBRACE SYSTEM DOT OUT DOT PRINTLN LPAREN STRING PLUS NUM RPAREN SEMICOLON RBRACE

    SEMICOLON       shift and go to state 16


state 13

    (1) for_loop -> FOR LPAREN INT ID EQUALS . NUM SEMICOLON ID LEQ NUM SEMICOLON ID PLUS PLUS RPAREN LBRACE SYSTEM DOT OUT DOT PRINTLN LPAREN STRING PLUS NUM RPAREN SEMICOLON RBRACE
    (6) for_loop -> FOR LPAREN INT ID EQUALS . NUM SEMICOLON ID LEQ NUM SEMICOLON ID LESS LESS RPAREN LBRACE SYSTEM DOT OUT DOT PRINTLN LPAREN STRING PLUS NUM RPAREN SEMICOLON RBRACE

    NUM             shift and go to state 17


state 14

    (5) for_loop -> INT ID SEMICOLON INT ID . SEMICOLON FOR LPAREN INT ID EQUALS NUM SEMICOLON ID LEQ NUM SEMICOLON ID PLUS PLUS RPAREN LBRACE SYSTEM DOT OUT DOT PRINTLN LPAREN STRING PLUS NUM RPAREN SEMICOLON RBRACE

    SEMICOLON       shift and go to state 18


state 15

    (2) for_loop -> INT ID SEMICOLON FOR LPAREN . ID EQUALS NUM SEMICOLON ID LEQ NUM SEMICOLON ID PLUS PLUS RPAREN LBRACE SYSTEM DOT OUT DOT PRINTLN LPAREN STRING PLUS NUM RPAREN SEMICOLON RBRACE
    (4) for_loop -> INT ID SEMICOLON FOR LPAREN . INT ID EQUALS NUM SEMICOLON ID LEQ NUM SEMICOLON ID PLUS PLUS RPAREN LBRACE SYSTEM DOT OUT DOT PRINTLN LPAREN STRING PLUS NUM RPAREN SEMICOLON RBRACE

    ID              shift and go to state 20
    INT             shift and go to state 19


state 16

    (3) for_loop -> INT ID EQUALS NUM SEMICOLON . FOR LPAREN ID SEMICOLON ID LEQ NUM SEMICOLON ID PLUS PLUS RPAREN LBRACE SYSTEM DOT OUT DOT PRINTLN LPAREN STRING PLUS NUM RPAREN SEMICOLON RBRACE

    FOR             shift and go to state 21


state 17

    (1) for_loop -> FOR LPAREN INT ID EQUALS NUM . SEMICOLON ID LEQ NUM SEMICOLON ID PLUS PLUS RPAREN LBRACE SYSTEM DOT OUT DOT PRINTLN LPAREN STRING PLUS NUM RPAREN SEMICOLON RBRACE
    (6) for_loop -> FOR LPAREN INT ID EQUALS NUM . SEMICOLON ID LEQ NUM SEMICOLON ID LESS LESS RPAREN LBRACE SYSTEM DOT OUT DOT PRINTLN LPAREN STRING PLUS NUM RPAREN SEMICOLON RBRACE

    SEMICOLON       shift and go to state 22


state 18

    (5) for_loop -> INT ID SEMICOLON INT ID SEMICOLON . FOR LPAREN INT ID EQUALS NUM SEMICOLON ID LEQ NUM SEMICOLON ID PLUS PLUS RPAREN LBRACE SYSTEM DOT OUT DOT PRINTLN LPAREN STRING PLUS NUM RPAREN SEMICOLON RBRACE

    FOR             shift and go to state 23


state 19

    (4) for_loop -> INT ID SEMICOLON FOR LPAREN INT . ID EQUALS NUM SEMICOLON ID LEQ NUM SEMICOLON ID PLUS PLUS RPAREN LBRACE SYSTEM DOT OUT DOT PRINTLN LPAREN STRING PLUS NUM RPAREN SEMICOLON RBRACE

    ID              shift and go to state 24


state 20

    (2) for_loop -> INT ID SEMICOLON FOR LPAREN ID . EQUALS NUM SEMICOLON ID LEQ NUM SEMICOLON ID PLUS PLUS RPAREN LBRACE SYSTEM DOT OUT DOT PRINTLN LPAREN STRING PLUS NUM RPAREN SEMICOLON RBRACE

    EQUALS          shift and go to state 25


state 21

    (3) for_loop -> INT ID EQUALS NUM SEMICOLON FOR . LPAREN ID SEMICOLON ID LEQ NUM SEMICOLON ID PLUS PLUS RPAREN LBRACE SYSTEM DOT OUT DOT PRINTLN LPAREN STRING PLUS NUM RPAREN SEMICOLON RBRACE

    LPAREN          shift and go to state 26


state 22

    (1) for_loop -> FOR LPAREN INT ID EQUALS NUM SEMICOLON . ID LEQ NUM SEMICOLON ID PLUS PLUS RPAREN LBRACE SYSTEM DOT OUT DOT PRINTLN LPAREN STRING PLUS NUM RPAREN SEMICOLON RBRACE
    (6) for_loop -> FOR LPAREN INT ID EQUALS NUM SEMICOLON . ID LEQ NUM SEMICOLON ID LESS LESS RPAREN LBRACE SYSTEM DOT OUT DOT PRINTLN LPAREN STRING PLUS NUM RPAREN SEMICOLON RBRACE

    ID              shift and go to state 27


state 23

    (5) for_loop -> INT ID SEMICOLON INT ID SEMICOLON FOR . LPAREN INT ID EQUALS NUM SEMICOLON ID LEQ NUM SEMICOLON ID PLUS PLUS RPAREN LBRACE SYSTEM DOT OUT DOT PRINTLN LPAREN STRING PLUS NUM RPAREN SEMICOLON RBRACE

    LPAREN          shift and go to state 28


state 24

    (4) for_loop -> INT ID SEMICOLON FOR LPAREN INT ID . EQUALS NUM SEMICOLON ID LEQ NUM SEMICOLON ID PLUS PLUS RPAREN LBRACE SYSTEM DOT OUT DOT PRINTLN LPAREN STRING PLUS NUM RPAREN SEMICOLON RBRACE

    EQUALS          shift and go to state 29


state 25

    (2) for_loop -> INT ID SEMICOLON FOR LPAREN ID EQUALS . NUM SEMICOLON ID LEQ NUM SEMICOLON ID PLUS PLUS RPAREN LBRACE SYSTEM DOT OUT DOT PRINTLN LPAREN STRING PLUS NUM RPAREN SEMICOLON RBRACE

    NUM             shift and go to state 30


state 26

    (3) for_loop -> INT ID EQUALS NUM SEMICOLON FOR LPAREN . ID SEMICOLON ID LEQ NUM SEMICOLON ID PLUS PLUS RPAREN LBRACE SYSTEM DOT OUT DOT PRINTLN LPAREN STRING PLUS NUM RPAREN SEMICOLON RBRACE

    ID              shift and go to state 31


state 27

    (1) for_loop -> FOR LPAREN INT ID EQUALS NUM SEMICOLON ID . LEQ NUM SEMICOLON ID PLUS PLUS RPAREN LBRACE SYSTEM DOT OUT DOT PRINTLN LPAREN STRING PLUS NUM RPAREN SEMICOLON RBRACE
    (6) for_loop -> FOR LPAREN INT ID EQUALS NUM SEMICOLON ID . LEQ NUM SEMICOLON ID LESS LESS RPAREN LBRACE SYSTEM DOT OUT DOT PRINTLN LPAREN STRING PLUS NUM RPAREN SEMICOLON RBRACE

    LEQ             shift and go to state 32


state 28

    (5) for_loop -> INT ID SEMICOLON INT ID SEMICOLON FOR LPAREN . INT ID EQUALS NUM SEMICOLON ID LEQ NUM SEMICOLON ID PLUS PLUS RPAREN LBRACE SYSTEM DOT OUT DOT PRINTLN LPAREN STRING PLUS NUM RPAREN SEMICOLON RBRACE

    INT             shift and go to state 33


state 29

    (4) for_loop -> INT ID SEMICOLON FOR LPAREN INT ID EQUALS . NUM SEMICOLON ID LEQ NUM SEMICOLON ID PLUS PLUS RPAREN LBRACE SYSTEM DOT OUT DOT PRINTLN LPAREN STRING PLUS NUM RPAREN SEMICOLON RBRACE

    NUM             shift and go to state 34


state 30

    (2) for_loop -> INT ID SEMICOLON FOR LPAREN ID EQUALS NUM . SEMICOLON ID LEQ NUM SEMICOLON ID PLUS PLUS RPAREN LBRACE SYSTEM DOT OUT DOT PRINTLN LPAREN STRING PLUS NUM RPAREN SEMICOLON RBRACE

    SEMICOLON       shift and go to state 35


state 31

    (3) for_loop -> INT ID EQUALS NUM SEMICOLON FOR LPAREN ID . SEMICOLON ID LEQ NUM SEMICOLON ID PLUS PLUS RPAREN LBRACE SYSTEM DOT OUT DOT PRINTLN LPAREN STRING PLUS NUM RPAREN SEMICOLON RBRACE

    SEMICOLON       shift and go to state 36


state 32

    (1) for_loop -> FOR LPAREN INT ID EQUALS NUM SEMICOLON ID LEQ . NUM SEMICOLON ID PLUS PLUS RPAREN LBRACE SYSTEM DOT OUT DOT PRINTLN LPAREN STRING PLUS NUM RPAREN SEMICOLON RBRACE
    (6) for_loop -> FOR LPAREN INT ID EQUALS NUM SEMICOLON ID LEQ . NUM SEMICOLON ID LESS LESS RPAREN LBRACE SYSTEM DOT OUT DOT PRINTLN LPAREN STRING PLUS NUM RPAREN SEMICOLON RBRACE

    NUM             shift and go to state 37


state 33

    (5) for_loop -> INT ID SEMICOLON INT ID SEMICOLON FOR LPAREN INT . ID EQUALS NUM SEMICOLON ID LEQ NUM SEMICOLON ID PLUS PLUS RPAREN LBRACE SYSTEM DOT OUT DOT PRINTLN LPAREN STRING PLUS NUM RPAREN SEMICOLON RBRACE

    ID              shift and go to state 38


state 34

    (4) for_loop -> INT ID SEMICOLON FOR LPAREN INT ID EQUALS NUM . SEMICOLON ID LEQ NUM SEMICOLON ID PLUS PLUS RPAREN LBRACE SYSTEM DOT OUT DOT PRINTLN LPAREN STRING PLUS NUM RPAREN SEMICOLON RBRACE

    SEMICOLON       shift and go to state 39


state 35

    (2) for_loop -> INT ID SEMICOLON FOR LPAREN ID EQUALS NUM SEMICOLON . ID LEQ NUM SEMICOLON ID PLUS PLUS RPAREN LBRACE SYSTEM DOT OUT DOT PRINTLN LPAREN STRING PLUS NUM RPAREN SEMICOLON RBRACE

    ID              shift and go to state 40


state 36

    (3) for_loop -> INT ID EQUALS NUM SEMICOLON FOR LPAREN ID SEMICOLON . ID LEQ NUM SEMICOLON ID PLUS PLUS RPAREN LBRACE SYSTEM DOT OUT DOT PRINTLN LPAREN STRING PLUS NUM RPAREN SEMICOLON RBRACE

    ID              shift and go to state 41


state 37

    (1) for_loop -> FOR LPAREN INT ID EQUALS NUM SEMICOLON ID LEQ NUM . SEMICOLON ID PLUS PLUS RPAREN LBRACE SYSTEM DOT OUT DOT PRINTLN LPAREN STRING PLUS NUM RPAREN SEMICOLON RBRACE
    (6) for_loop -> FOR LPAREN INT ID EQUALS NUM SEMICOLON ID LEQ NUM . SEMICOLON ID LESS LESS RPAREN LBRACE SYSTEM DOT OUT DOT PRINTLN LPAREN STRING PLUS NUM RPAREN SEMICOLON RBRACE

    SEMICOLON       shift and go to state 42


state 38

    (5) for_loop -> INT ID SEMICOLON INT ID SEMICOLON FOR LPAREN INT ID . EQUALS NUM SEMICOLON ID LEQ NUM SEMICOLON ID PLUS PLUS RPAREN LBRACE SYSTEM DOT OUT DOT PRINTLN LPAREN STRING PLUS NUM RPAREN SEMICOLON RBRACE

    EQUALS          shift and go to state 43


state 39

    (4) for_loop -> INT ID SEMICOLON FOR LPAREN INT ID EQUALS NUM SEMICOLON . ID LEQ NUM SEMICOLON ID PLUS PLUS RPAREN LBRACE SYSTEM DOT OUT DOT PRINTLN LPAREN STRING PLUS NUM RPAREN SEMICOLON RBRACE

    ID              shift and go to state 44


state 40

    (2) for_loop -> INT ID SEMICOLON FOR LPAREN ID EQUALS NUM SEMICOLON ID . LEQ NUM SEMICOLON ID PLUS PLUS RPAREN LBRACE SYSTEM DOT OUT DOT PRINTLN LPAREN STRING PLUS NUM RPAREN SEMICOLON RBRACE

    LEQ             shift and go to state 45


state 41

    (3) for_loop -> INT ID EQUALS NUM SEMICOLON FOR LPAREN ID SEMICOLON ID . LEQ NUM SEMICOLON ID PLUS PLUS RPAREN LBRACE SYSTEM DOT OUT DOT PRINTLN LPAREN STRING PLUS NUM RPAREN SEMICOLON RBRACE

    LEQ             shift and go to state 46


state 42

    (1) for_loop -> FOR LPAREN INT ID EQUALS NUM SEMICOLON ID LEQ NUM SEMICOLON . ID PLUS PLUS RPAREN LBRACE SYSTEM DOT OUT DOT PRINTLN LPAREN STRING PLUS NUM RPAREN SEMICOLON RBRACE
    (6) for_loop -> FOR LPAREN INT ID EQUALS NUM SEMICOLON ID LEQ NUM SEMICOLON . ID LESS LESS RPAREN LBRACE SYSTEM DOT OUT DOT PRINTLN LPAREN STRING PLUS NUM RPAREN SEMICOLON RBRACE

    ID              shift and go to state 47


state 43

    (5) for_loop -> INT ID SEMICOLON INT ID SEMICOLON FOR LPAREN INT ID EQUALS . NUM SEMICOLON ID LEQ NUM SEMICOLON ID PLUS PLUS RPAREN LBRACE SYSTEM DOT OUT DOT PRINTLN LPAREN STRING PLUS NUM RPAREN SEMICOLON RBRACE

    NUM             shift and go to state 48


state 44

    (4) for_loop -> INT ID SEMICOLON FOR LPAREN INT ID EQUALS NUM SEMICOLON ID . LEQ NUM SEMICOLON ID PLUS PLUS RPAREN LBRACE SYSTEM DOT OUT DOT PRINTLN LPAREN STRING PLUS NUM RPAREN SEMICOLON RBRACE

    LEQ             shift and go to state 49


state 45

    (2) for_loop -> INT ID SEMICOLON FOR LPAREN ID EQUALS NUM SEMICOLON ID LEQ . NUM SEMICOLON ID PLUS PLUS RPAREN LBRACE SYSTEM DOT OUT DOT PRINTLN LPAREN STRING PLUS NUM RPAREN SEMICOLON RBRACE

    NUM             shift and go to state 50


state 46

    (3) for_loop -> INT ID EQUALS NUM SEMICOLON FOR LPAREN ID SEMICOLON ID LEQ . NUM SEMICOLON ID PLUS PLUS RPAREN LBRACE SYSTEM DOT OUT DOT PRINTLN LPAREN STRING PLUS NUM RPAREN SEMICOLON RBRACE

    NUM             shift and go to state 51


state 47

    (1) for_loop -> FOR LPAREN INT ID EQUALS NUM SEMICOLON ID LEQ NUM SEMICOLON ID . PLUS PLUS RPAREN LBRACE SYSTEM DOT OUT DOT PRINTLN LPAREN STRING PLUS NUM RPAREN SEMICOLON RBRACE
    (6) for_loop -> FOR LPAREN INT ID EQUALS NUM SEMICOLON ID LEQ NUM SEMICOLON ID . LESS LESS RPAREN LBRACE SYSTEM DOT OUT DOT PRINTLN LPAREN STRING PLUS NUM RPAREN SEMICOLON RBRACE

    PLUS            shift and go to state 52
    LESS            shift and go to state 53


state 48

    (5) for_loop -> INT ID SEMICOLON INT ID SEMICOLON FOR LPAREN INT ID EQUALS NUM . SEMICOLON ID LEQ NUM SEMICOLON ID PLUS PLUS RPAREN LBRACE SYSTEM DOT OUT DOT PRINTLN LPAREN STRING PLUS NUM RPAREN SEMICOLON RBRACE

    SEMICOLON       shift and go to state 54


state 49

    (4) for_loop -> INT ID SEMICOLON FOR LPAREN INT ID EQUALS NUM SEMICOLON ID LEQ . NUM SEMICOLON ID PLUS PLUS RPAREN LBRACE SYSTEM DOT OUT DOT PRINTLN LPAREN STRING PLUS NUM RPAREN SEMICOLON RBRACE

    NUM             shift and go to state 55


state 50

    (2) for_loop -> INT ID SEMICOLON FOR LPAREN ID EQUALS NUM SEMICOLON ID LEQ NUM . SEMICOLON ID PLUS PLUS RPAREN LBRACE SYSTEM DOT OUT DOT PRINTLN LPAREN STRING PLUS NUM RPAREN SEMICOLON RBRACE

    SEMICOLON       shift and go to state 56


state 51

    (3) for_loop -> INT ID EQUALS NUM SEMICOLON FOR LPAREN ID SEMICOLON ID LEQ NUM . SEMICOLON ID PLUS PLUS RPAREN LBRACE SYSTEM DOT OUT DOT PRINTLN LPAREN STRING PLUS NUM RPAREN SEMICOLON RBRACE

    SEMICOLON       shift and go to state 57


state 52

    (1) for_loop -> FOR LPAREN INT ID EQUALS NUM SEMICOLON ID LEQ NUM SEMICOLON ID PLUS . PLUS RPAREN LBRACE SYSTEM DOT OUT DOT PRINTLN LPAREN STRING PLUS NUM RPAREN SEMICOLON RBRACE

    PLUS            shift and go to state 58


state 53

    (6) for_loop -> FOR LPAREN INT ID EQUALS NUM SEMICOLON ID LEQ NUM SEMICOLON ID LESS . LESS RPAREN LBRACE SYSTEM DOT OUT DOT PRINTLN LPAREN STRING PLUS NUM RPAREN SEMICOLON RBRACE

    LESS            shift and go to state 59


state 54

    (5) for_loop -> INT ID SEMICOLON INT ID SEMICOLON FOR LPAREN INT ID EQUALS NUM SEMICOLON . ID LEQ NUM SEMICOLON ID PLUS PLUS RPAREN LBRACE SYSTEM DOT OUT DOT PRINTLN LPAREN STRING PLUS NUM RPAREN SEMICOLON RBRACE

    ID              shift and go to state 60


state 55

    (4) for_loop -> INT ID SEMICOLON FOR LPAREN INT ID EQUALS NUM SEMICOLON ID LEQ NUM . SEMICOLON ID PLUS PLUS RPAREN LBRACE SYSTEM DOT OUT DOT PRINTLN LPAREN STRING PLUS NUM RPAREN SEMICOLON RBRACE

    SEMICOLON       shift and go to state 61


state 56

    (2) for_loop -> INT ID SEMICOLON FOR LPAREN ID EQUALS NUM SEMICOLON ID LEQ NUM SEMICOLON . ID PLUS PLUS RPAREN LBRACE SYSTEM DOT OUT DOT PRINTLN LPAREN STRING PLUS NUM RPAREN SEMICOLON RBRACE

    ID              shift and go to state 62


state 57

    (3) for_loop -> INT ID EQUALS NUM SEMICOLON FOR LPAREN ID SEMICOLON ID LEQ NUM SEMICOLON . ID PLUS PLUS RPAREN LBRACE SYSTEM DOT OUT DOT PRINTLN LPAREN STRING PLUS NUM RPAREN SEMICOLON RBRACE

    ID              shift and go to state 63


state 58

    (1) for_loop -> FOR LPAREN INT ID EQUALS NUM SEMICOLON ID LEQ NUM SEMICOLON ID PLUS PLUS . RPAREN LBRACE SYSTEM DOT OUT DOT PRINTLN LPAREN STRING PLUS NUM RPAREN SEMICOLON RBRACE

    RPAREN          shift and go to state 64


state 59

    (6) for_loop -> FOR LPAREN INT ID EQUALS NUM SEMICOLON ID LEQ NUM SEMICOLON ID LESS LESS . RPAREN LBRACE SYSTEM DOT OUT DOT PRINTLN LPAREN STRING PLUS NUM RPAREN SEMICOLON RBRACE

    RPAREN          shift and go to state 65


state 60

    (5) for_loop -> INT ID SEMICOLON INT ID SEMICOLON FOR LPAREN INT ID EQUALS NUM SEMICOLON ID . LEQ NUM SEMICOLON ID PLUS PLUS RPAREN LBRACE SYSTEM DOT OUT DOT PRINTLN LPAREN STRING PLUS NUM RPAREN SEMICOLON RBRACE

    LEQ             shift and go to state 66


state 61

    (4) for_loop -> INT ID SEMICOLON FOR LPAREN INT ID EQUALS NUM SEMICOLON ID LEQ NUM SEMICOLON . ID PLUS PLUS RPAREN LBRACE SYSTEM DOT OUT DOT PRINTLN LPAREN STRING PLUS NUM RPAREN SEMICOLON RBRACE

    ID              shift and go to state 67


state 62

    (2) for_loop -> INT ID SEMICOLON FOR LPAREN ID EQUALS NUM SEMICOLON ID LEQ NUM SEMICOLON ID . PLUS PLUS RPAREN LBRACE SYSTEM DOT OUT DOT PRINTLN LPAREN STRING PLUS NUM RPAREN SEMICOLON RBRACE

    PLUS            shift and go to state 68


state 63

    (3) for_loop -> INT ID EQUALS NUM SEMICOLON FOR LPAREN ID SEMICOLON ID LEQ NUM SEMICOLON ID . PLUS PLUS RPAREN LBRACE SYSTEM DOT OUT DOT PRINTLN LPAREN STRING PLUS NUM RPAREN SEMICOLON RBRACE

    PLUS            shift and go to state 69


state 64

    (1) for_loop -> FOR LPAREN INT ID EQUALS NUM SEMICOLON ID LEQ NUM SEMICOLON ID PLUS PLUS RPAREN . LBRACE SYSTEM DOT OUT DOT PRINTLN LPAREN STRING PLUS NUM RPAREN SEMICOLON RBRACE

    LBRACE          shift and go to state 70


state 65

    (6) for_loop -> FOR LPAREN INT ID EQUALS NUM SEMICOLON ID LEQ NUM SEMICOLON ID LESS LESS RPAREN . LBRACE SYSTEM DOT OUT DOT PRINTLN LPAREN STRING PLUS NUM RPAREN SEMICOLON RBRACE

    LBRACE          shift and go to state 71


state 66

    (5) for_loop -> INT ID SEMICOLON INT ID SEMICOLON FOR LPAREN INT ID EQUALS NUM SEMICOLON ID LEQ . NUM SEMICOLON ID PLUS PLUS RPAREN LBRACE SYSTEM DOT OUT DOT PRINTLN LPAREN STRING PLUS NUM RPAREN SEMICOLON RBRACE

    NUM             shift and go to state 72


state 67

    (4) for_loop -> INT ID SEMICOLON FOR LPAREN INT ID EQUALS NUM SEMICOLON ID LEQ NUM SEMICOLON ID . PLUS PLUS RPAREN LBRACE SYSTEM DOT OUT DOT PRINTLN LPAREN STRING PLUS NUM RPAREN SEMICOLON RBRACE

    PLUS            shift and go to state 73


state 68

    (2) for_loop -> INT ID SEMICOLON FOR LPAREN ID EQUALS NUM SEMICOLON ID LEQ NUM SEMICOLON ID PLUS . PLUS RPAREN LBRACE SYSTEM DOT OUT DOT PRINTLN LPAREN STRING PLUS NUM RPAREN SEMICOLON RBRACE

    PLUS            shift and go to state 74


state 69

    (3) for_loop -> INT ID EQUALS NUM SEMICOLON FOR LPAREN ID SEMICOLON ID LEQ NUM SEMICOLON ID PLUS . PLUS RPAREN LBRACE SYSTEM DOT OUT DOT PRINTLN LPAREN STRING PLUS NUM RPAREN SEMICOLON RBRACE

    PLUS            shift and go to state 75


state 70

    (1) for_loop -> FOR LPAREN INT ID EQUALS NUM SEMICOLON ID LEQ NUM SEMICOLON ID PLUS PLUS RPAREN LBRACE . SYSTEM DOT OUT DOT PRINTLN LPAREN STRING PLUS NUM RPAREN SEMICOLON RBRACE

    SYSTEM          shift and go to state 76


state 71

    (6) for_loop -> FOR LPAREN INT ID EQUALS NUM SEMICOLON ID LEQ NUM SEMICOLON ID LESS LESS RPAREN LBRACE . SYSTEM DOT OUT DOT PRINTLN LPAREN STRING PLUS NUM RPAREN SEMICOLON RBRACE

    SYSTEM          shift and go to state 77


state 72

    (5) for_loop -> INT ID SEMICOLON INT ID SEMICOLON FOR LPAREN INT ID EQUALS NUM SEMICOLON ID LEQ NUM . SEMICOLON ID PLUS PLUS RPAREN LBRACE SYSTEM DOT OUT DOT PRINTLN LPAREN STRING PLUS NUM RPAREN SEMICOLON RBRACE

    SEMICOLON       shift and go to state 78


state 73

    (4) for_loop -> INT ID SEMICOLON FOR LPAREN INT ID EQUALS NUM SEMICOLON ID LEQ NUM SEMICOLON ID PLUS . PLUS RPAREN LBRACE SYSTEM DOT OUT DOT PRINTLN LPAREN STRING PLUS NUM RPAREN SEMICOLON RBRACE

    PLUS            shift and go to state 79


state 74

    (2) for_loop -> INT ID SEMICOLON FOR LPAREN ID EQUALS NUM SEMICOLON ID LEQ NUM SEMICOLON ID PLUS PLUS . RPAREN LBRACE SYSTEM DOT OUT DOT PRINTLN LPAREN STRING PLUS NUM RPAREN SEMICOLON RBRACE

    RPAREN          shift and go to state 80


state 75

    (3) for_loop -> INT ID EQUALS NUM SEMICOLON FOR LPAREN ID SEMICOLON ID LEQ NUM SEMICOLON ID PLUS PLUS . RPAREN LBRACE SYSTEM DOT OUT DOT PRINTLN LPAREN STRING PLUS NUM RPAREN SEMICOLON RBRACE

    RPAREN          shift and go to state 81


state 76

    (1) for_loop -> FOR LPAREN INT ID EQUALS NUM SEMICOLON ID LEQ NUM SEMICOLON ID PLUS PLUS RPAREN LBRACE SYSTEM . DOT OUT DOT PRINTLN LPAREN STRING PLUS NUM RPAREN SEMICOLON RBRACE

    DOT             shift and go to state 82


state 77

    (6) for_loop -> FOR LPAREN INT ID EQUALS NUM SEMICOLON ID LEQ NUM SEMICOLON ID LESS LESS RPAREN LBRACE SYSTEM . DOT OUT DOT PRINTLN LPAREN STRING PLUS NUM RPAREN SEMICOLON RBRACE

    DOT             shift and go to state 83


state 78

    (5) for_loop -> INT ID SEMICOLON INT ID SEMICOLON FOR LPAREN INT ID EQUALS NUM SEMICOLON ID LEQ NUM SEMICOLON . ID PLUS PLUS RPAREN LBRACE SYSTEM DOT OUT DOT PRINTLN LPAREN STRING PLUS NUM RPAREN SEMICOLON RBRACE

    ID              shift and go to state 84


state 79

    (4) for_loop -> INT ID SEMICOLON FOR LPAREN INT ID EQUALS NUM SEMICOLON ID LEQ NUM SEMICOLON ID PLUS PLUS . RPAREN LBRACE SYSTEM DOT OUT DOT PRINTLN LPAREN STRING PLUS NUM RPAREN SEMICOLON RBRACE

    RPAREN          shift and go to state 85


state 80

    (2) for_loop -> INT ID SEMICOLON FOR LPAREN ID EQUALS NUM SEMICOLON ID LEQ NUM SEMICOLON ID PLUS PLUS RPAREN . LBRACE SYSTEM DOT OUT DOT PRINTLN LPAREN STRING PLUS NUM RPAREN SEMICOLON RBRACE

    LBRACE          shift and go to state 86


state 81

    (3) for_loop -> INT ID EQUALS NUM SEMICOLON FOR LPAREN ID SEMICOLON ID LEQ NUM SEMICOLON ID PLUS PLUS RPAREN . LBRACE SYSTEM DOT OUT DOT PRINTLN LPAREN STRING PLUS NUM RPAREN SEMICOLON RBRACE

    LBRACE          shift and go to state 87


state 82

    (1) for_loop -> FOR LPAREN INT ID EQUALS NUM SEMICOLON ID LEQ NUM SEMICOLON ID PLUS PLUS RPAREN LBRACE SYSTEM DOT . OUT DOT PRINTLN LPAREN STRING PLUS NUM RPAREN SEMICOLON RBRACE

    OUT             shift and go to state 88


state 83

    (6) for_loop -> FOR LPAREN INT ID EQUALS NUM SEMICOLON ID LEQ NUM SEMICOLON ID LESS LESS RPAREN LBRACE SYSTEM DOT . OUT DOT PRINTLN LPAREN STRING PLUS NUM RPAREN SEMICOLON RBRACE

    OUT             shift and go to state 89


state 84

    (5) for_loop -> INT ID SEMICOLON INT ID SEMICOLON FOR LPAREN INT ID EQUALS NUM SEMICOLON ID LEQ NUM SEMICOLON ID . PLUS PLUS RPAREN LBRACE SYSTEM DOT OUT DOT PRINTLN LPAREN STRING PLUS NUM RPAREN SEMICOLON RBRACE

    PLUS            shift and go to state 90


state 85

    (4) for_loop -> INT ID SEMICOLON FOR LPAREN INT ID EQUALS NUM SEMICOLON ID LEQ NUM SEMICOLON ID PLUS PLUS RPAREN . LBRACE SYSTEM DOT OUT DOT PRINTLN LPAREN STRING PLUS NUM RPAREN SEMICOLON RBRACE

    LBRACE          shift and go to state 91


state 86

    (2) for_loop -> INT ID SEMICOLON FOR LPAREN ID EQUALS NUM SEMICOLON ID LEQ NUM SEMICOLON ID PLUS PLUS RPAREN LBRACE . SYSTEM DOT OUT DOT PRINTLN LPAREN STRING PLUS NUM RPAREN SEMICOLON RBRACE

    SYSTEM          shift and go to state 92


state 87

    (3) for_loop -> INT ID EQUALS NUM SEMICOLON FOR LPAREN ID SEMICOLON ID LEQ NUM SEMICOLON ID PLUS PLUS RPAREN LBRACE . SYSTEM DOT OUT DOT PRINTLN LPAREN STRING PLUS NUM RPAREN SEMICOLON RBRACE

    SYSTEM          shift and go to state 93


state 88

    (1) for_loop -> FOR LPAREN INT ID EQUALS NUM SEMICOLON ID LEQ NUM SEMICOLON ID PLUS PLUS RPAREN LBRACE SYSTEM DOT OUT . DOT PRINTLN LPAREN STRING PLUS NUM RPAREN SEMICOLON RBRACE

    DOT             shift and go to state 94


state 89

    (6) for_loop -> FOR LPAREN INT ID EQUALS NUM SEMICOLON ID LEQ NUM SEMICOLON ID LESS LESS RPAREN LBRACE SYSTEM DOT OUT . DOT PRINTLN LPAREN STRING PLUS NUM RPAREN SEMICOLON RBRACE

    DOT             shift and go to state 95


state 90

    (5) for_loop -> INT ID SEMICOLON INT ID SEMICOLON FOR LPAREN INT ID EQUALS NUM SEMICOLON ID LEQ NUM SEMICOLON ID PLUS . PLUS RPAREN LBRACE SYSTEM DOT OUT DOT PRINTLN LPAREN STRING PLUS NUM RPAREN SEMICOLON RBRACE

    PLUS            shift and go to state 96


state 91

    (4) for_loop -> INT ID SEMICOLON FOR LPAREN INT ID EQUALS NUM SEMICOLON ID LEQ NUM SEMICOLON ID PLUS PLUS RPAREN LBRACE . SYSTEM DOT OUT DOT PRINTLN LPAREN STRING PLUS NUM RPAREN SEMICOLON RBRACE

    SYSTEM          shift and go to state 97


state 92

    (2) for_loop -> INT ID SEMICOLON FOR LPAREN ID EQUALS NUM SEMICOLON ID LEQ NUM SEMICOLON ID PLUS PLUS RPAREN LBRACE SYSTEM . DOT OUT DOT PRINTLN LPAREN STRING PLUS NUM RPAREN SEMICOLON RBRACE

    DOT             shift and go to state 98


state 93

    (3) for_loop -> INT ID EQUALS NUM SEMICOLON FOR LPAREN ID SEMICOLON ID LEQ NUM SEMICOLON ID PLUS PLUS RPAREN LBRACE SYSTEM . DOT OUT DOT PRINTLN LPAREN STRING PLUS NUM RPAREN SEMICOLON RBRACE

    DOT             shift and go to state 99


state 94

    (1) for_loop -> FOR LPAREN INT ID EQUALS NUM SEMICOLON ID LEQ NUM SEMICOLON ID PLUS PLUS RPAREN LBRACE SYSTEM DOT OUT DOT . PRINTLN LPAREN STRING PLUS NUM RPAREN SEMICOLON RBRACE

    PRINTLN         shift and go to state 100


state 95

    (6) for_loop -> FOR LPAREN INT ID EQUALS NUM SEMICOLON ID LEQ NUM SEMICOLON ID LESS LESS RPAREN LBRACE SYSTEM DOT OUT DOT . PRINTLN LPAREN STRING PLUS NUM RPAREN SEMICOLON RBRACE

    PRINTLN         shift and go to state 101


state 96

    (5) for_loop -> INT ID SEMICOLON INT ID SEMICOLON FOR LPAREN INT ID EQUALS NUM SEMICOLON ID LEQ NUM SEMICOLON ID PLUS PLUS . RPAREN LBRACE SYSTEM DOT OUT DOT PRINTLN LPAREN STRING PLUS NUM RPAREN SEMICOLON RBRACE

    RPAREN          shift and go to state 102


state 97

    (4) for_loop -> INT ID SEMICOLON FOR LPAREN INT ID EQUALS NUM SEMICOLON ID LEQ NUM SEMICOLON ID PLUS PLUS RPAREN LBRACE SYSTEM . DOT OUT DOT PRINTLN LPAREN STRING PLUS NUM RPAREN SEMICOLON RBRACE

    DOT             shift and go to state 103


state 98

    (2) for_loop -> INT ID SEMICOLON FOR LPAREN ID EQUALS NUM SEMICOLON ID LEQ NUM SEMICOLON ID PLUS PLUS RPAREN LBRACE SYSTEM DOT . OUT DOT PRINTLN LPAREN STRING PLUS NUM RPAREN SEMICOLON RBRACE

    OUT             shift and go to state 104


state 99

    (3) for_loop -> INT ID EQUALS NUM SEMICOLON FOR LPAREN ID SEMICOLON ID LEQ NUM SEMICOLON ID PLUS PLUS RPAREN LBRACE SYSTEM DOT . OUT DOT PRINTLN LPAREN STRING PLUS NUM RPAREN SEMICOLON RBRACE

    OUT             shift and go to state 105


state 100

    (1) for_loop -> FOR LPAREN INT ID EQUALS NUM SEMICOLON ID LEQ NUM SEMICOLON ID PLUS PLUS RPAREN LBRACE SYSTEM DOT OUT DOT PRINTLN . LPAREN STRING PLUS NUM RPAREN SEMICOLON RBRACE

    LPAREN          shift and go to state 106


state 101

    (6) for_loop -> FOR LPAREN INT ID EQUALS NUM SEMICOLON ID LEQ NUM SEMICOLON ID LESS LESS RPAREN LBRACE SYSTEM DOT OUT DOT PRINTLN . LPAREN STRING PLUS NUM RPAREN SEMICOLON RBRACE

    LPAREN          shift and go to state 107


state 102

    (5) for_loop -> INT ID SEMICOLON INT ID SEMICOLON FOR LPAREN INT ID EQUALS NUM SEMICOLON ID LEQ NUM SEMICOLON ID PLUS PLUS RPAREN . LBRACE SYSTEM DOT OUT DOT PRINTLN LPAREN STRING PLUS NUM RPAREN SEMICOLON RBRACE

    LBRACE          shift and go to state 108


state 103

    (4) for_loop -> INT ID SEMICOLON FOR LPAREN INT ID EQUALS NUM SEMICOLON ID LEQ NUM SEMICOLON ID PLUS PLUS RPAREN LBRACE SYSTEM DOT . OUT DOT PRINTLN LPAREN STRING PLUS NUM RPAREN SEMICOLON RBRACE

    OUT             shift and go to state 109


state 104

    (2) for_loop -> INT ID SEMICOLON FOR LPAREN ID EQUALS NUM SEMICOLON ID LEQ NUM SEMICOLON ID PLUS PLUS RPAREN LBRACE SYSTEM DOT OUT . DOT PRINTLN LPAREN STRING PLUS NUM RPAREN SEMICOLON RBRACE

    DOT             shift and go to state 110


state 105

    (3) for_loop -> INT ID EQUALS NUM SEMICOLON FOR LPAREN ID SEMICOLON ID LEQ NUM SEMICOLON ID PLUS PLUS RPAREN LBRACE SYSTEM DOT OUT . DOT PRINTLN LPAREN STRING PLUS NUM RPAREN SEMICOLON RBRACE

    DOT             shift and go to state 111


state 106

    (1) for_loop -> FOR LPAREN INT ID EQUALS NUM SEMICOLON ID LEQ NUM SEMICOLON ID PLUS PLUS RPAREN LBRACE SYSTEM DOT OUT DOT PRINTLN LPAREN . STRING PLUS NUM RPAREN SEMICOLON RBRACE

    STRING          shift and go to state 112


state 107

    (6) for_loop -> FOR LPAREN INT ID EQUALS NUM SEMICOLON ID LEQ NUM SEMICOLON ID LESS LESS RPAREN LBRACE SYSTEM DOT OUT DOT PRINTLN LPAREN . STRING PLUS NUM RPAREN SEMICOLON RBRACE

    STRING          shift and go to state 113


state 108

    (5) for_loop -> INT ID SEMICOLON INT ID SEMICOLON FOR LPAREN INT ID EQUALS NUM SEMICOLON ID LEQ NUM SEMICOLON ID PLUS PLUS RPAREN LBRACE . SYSTEM DOT OUT DOT PRINTLN LPAREN STRING PLUS NUM RPAREN SEMICOLON RBRACE

    SYSTEM          shift and go to state 114


state 109

    (4) for_loop -> INT ID SEMICOLON FOR LPAREN INT ID EQUALS NUM SEMICOLON ID LEQ NUM SEMICOLON ID PLUS PLUS RPAREN LBRACE SYSTEM DOT OUT . DOT PRINTLN LPAREN STRING PLUS NUM RPAREN SEMICOLON RBRACE

    DOT             shift and go to state 115


state 110

    (2) for_loop -> INT ID SEMICOLON FOR LPAREN ID EQUALS NUM SEMICOLON ID LEQ NUM SEMICOLON ID PLUS PLUS RPAREN LBRACE SYSTEM DOT OUT DOT . PRINTLN LPAREN STRING PLUS NUM RPAREN SEMICOLON RBRACE

    PRINTLN         shift and go to state 116


state 111

    (3) for_loop -> INT ID EQUALS NUM SEMICOLON FOR LPAREN ID SEMICOLON ID LEQ NUM SEMICOLON ID PLUS PLUS RPAREN LBRACE SYSTEM DOT OUT DOT . PRINTLN LPAREN STRING PLUS NUM RPAREN SEMICOLON RBRACE

    PRINTLN         shift and go to state 117


state 112

    (1) for_loop -> FOR LPAREN INT ID EQUALS NUM SEMICOLON ID LEQ NUM SEMICOLON ID PLUS PLUS RPAREN LBRACE SYSTEM DOT OUT DOT PRINTLN LPAREN STRING . PLUS NUM RPAREN SEMICOLON RBRACE

    PLUS            shift and go to state 118


state 113

    (6) for_loop -> FOR LPAREN INT ID EQUALS NUM SEMICOLON ID LEQ NUM SEMICOLON ID LESS LESS RPAREN LBRACE SYSTEM DOT OUT DOT PRINTLN LPAREN STRING . PLUS NUM RPAREN SEMICOLON RBRACE

    PLUS            shift and go to state 119


state 114

    (5) for_loop -> INT ID SEMICOLON INT ID SEMICOLON FOR LPAREN INT ID EQUALS NUM SEMICOLON ID LEQ NUM SEMICOLON ID PLUS PLUS RPAREN LBRACE SYSTEM . DOT OUT DOT PRINTLN LPAREN STRING PLUS NUM RPAREN SEMICOLON RBRACE

    DOT             shift and go to state 120


state 115

    (4) for_loop -> INT ID SEMICOLON FOR LPAREN INT ID EQUALS NUM SEMICOLON ID LEQ NUM SEMICOLON ID PLUS PLUS RPAREN LBRACE SYSTEM DOT OUT DOT . PRINTLN LPAREN STRING PLUS NUM RPAREN SEMICOLON RBRACE

    PRINTLN         shift and go to state 121


state 116

    (2) for_loop -> INT ID SEMICOLON FOR LPAREN ID EQUALS NUM SEMICOLON ID LEQ NUM SEMICOLON ID PLUS PLUS RPAREN LBRACE SYSTEM DOT OUT DOT PRINTLN . LPAREN STRING PLUS NUM RPAREN SEMICOLON RBRACE

    LPAREN          shift and go to state 122


state 117

    (3) for_loop -> INT ID EQUALS NUM SEMICOLON FOR LPAREN ID SEMICOLON ID LEQ NUM SEMICOLON ID PLUS PLUS RPAREN LBRACE SYSTEM DOT OUT DOT PRINTLN . LPAREN STRING PLUS NUM RPAREN SEMICOLON RBRACE

    LPAREN          shift and go to state 123


state 118

    (1) for_loop -> FOR LPAREN INT ID EQUALS NUM SEMICOLON ID LEQ NUM SEMICOLON ID PLUS PLUS RPAREN LBRACE SYSTEM DOT OUT DOT PRINTLN LPAREN STRING PLUS . NUM RPAREN SEMICOLON RBRACE

    NUM             shift and go to state 124


state 119

    (6) for_loop -> FOR LPAREN INT ID EQUALS NUM SEMICOLON ID LEQ NUM SEMICOLON ID LESS LESS RPAREN LBRACE SYSTEM DOT OUT DOT PRINTLN LPAREN STRING PLUS . NUM RPAREN SEMICOLON RBRACE

    NUM             shift and go to state 125


state 120

    (5) for_loop -> INT ID SEMICOLON INT ID SEMICOLON FOR LPAREN INT ID EQUALS NUM SEMICOLON ID LEQ NUM SEMICOLON ID PLUS PLUS RPAREN LBRACE SYSTEM DOT . OUT DOT PRINTLN LPAREN STRING PLUS NUM RPAREN SEMICOLON RBRACE

    OUT             shift and go to state 126


state 121

    (4) for_loop -> INT ID SEMICOLON FOR LPAREN INT ID EQUALS NUM SEMICOLON ID LEQ NUM SEMICOLON ID PLUS PLUS RPAREN LBRACE SYSTEM DOT OUT DOT PRINTLN . LPAREN STRING PLUS NUM RPAREN SEMICOLON RBRACE

    LPAREN          shift and go to state 127


state 122

    (2) for_loop -> INT ID SEMICOLON FOR LPAREN ID EQUALS NUM SEMICOLON ID LEQ NUM SEMICOLON ID PLUS PLUS RPAREN LBRACE SYSTEM DOT OUT DOT PRINTLN LPAREN . STRING PLUS NUM RPAREN SEMICOLON RBRACE

    STRING          shift and go to state 128


state 123

    (3) for_loop -> INT ID EQUALS NUM SEMICOLON FOR LPAREN ID SEMICOLON ID LEQ NUM SEMICOLON ID PLUS PLUS RPAREN LBRACE SYSTEM DOT OUT DOT PRINTLN LPAREN . STRING PLUS NUM RPAREN SEMICOLON RBRACE

    STRING          shift and go to state 129


state 124

    (1) for_loop -> FOR LPAREN INT ID EQUALS NUM SEMICOLON ID LEQ NUM SEMICOLON ID PLUS PLUS RPAREN LBRACE SYSTEM DOT OUT DOT PRINTLN LPAREN STRING PLUS NUM . RPAREN SEMICOLON RBRACE

    RPAREN          shift and go to state 130


state 125

    (6) for_loop -> FOR LPAREN INT ID EQUALS NUM SEMICOLON ID LEQ NUM SEMICOLON ID LESS LESS RPAREN LBRACE SYSTEM DOT OUT DOT PRINTLN LPAREN STRING PLUS NUM . RPAREN SEMICOLON RBRACE

    RPAREN          shift and go to state 131


state 126

    (5) for_loop -> INT ID SEMICOLON INT ID SEMICOLON FOR LPAREN INT ID EQUALS NUM SEMICOLON ID LEQ NUM SEMICOLON ID PLUS PLUS RPAREN LBRACE SYSTEM DOT OUT . DOT PRINTLN LPAREN STRING PLUS NUM RPAREN SEMICOLON RBRACE

    DOT             shift and go to state 132


state 127

    (4) for_loop -> INT ID SEMICOLON FOR LPAREN INT ID EQUALS NUM SEMICOLON ID LEQ NUM SEMICOLON ID PLUS PLUS RPAREN LBRACE SYSTEM DOT OUT DOT PRINTLN LPAREN . STRING PLUS NUM RPAREN SEMICOLON RBRACE

    STRING          shift and go to state 133


state 128

    (2) for_loop -> INT ID SEMICOLON FOR LPAREN ID EQUALS NUM SEMICOLON ID LEQ NUM SEMICOLON ID PLUS PLUS RPAREN LBRACE SYSTEM DOT OUT DOT PRINTLN LPAREN STRING . PLUS NUM RPAREN SEMICOLON RBRACE

    PLUS            shift and go to state 134


state 129

    (3) for_loop -> INT ID EQUALS NUM SEMICOLON FOR LPAREN ID SEMICOLON ID LEQ NUM SEMICOLON ID PLUS PLUS RPAREN LBRACE SYSTEM DOT OUT DOT PRINTLN LPAREN STRING . PLUS NUM RPAREN SEMICOLON RBRACE

    PLUS            shift and go to state 135


state 130

    (1) for_loop -> FOR LPAREN INT ID EQUALS NUM SEMICOLON ID LEQ NUM SEMICOLON ID PLUS PLUS RPAREN LBRACE SYSTEM DOT OUT DOT PRINTLN LPAREN STRING PLUS NUM RPAREN . SEMICOLON RBRACE

    SEMICOLON       shift and go to state 136


state 131

    (6) for_loop -> FOR LPAREN INT ID EQUALS NUM SEMICOLON ID LEQ NUM SEMICOLON ID LESS LESS RPAREN LBRACE SYSTEM DOT OUT DOT PRINTLN LPAREN STRING PLUS NUM RPAREN . SEMICOLON RBRACE

    SEMICOLON       shift and go to state 137


state 132

    (5) for_loop -> INT ID SEMICOLON INT ID SEMICOLON FOR LPAREN INT ID EQUALS NUM SEMICOLON ID LEQ NUM SEMICOLON ID PLUS PLUS RPAREN LBRACE SYSTEM DOT OUT DOT . PRINTLN LPAREN STRING PLUS NUM RPAREN SEMICOLON RBRACE

    PRINTLN         shift and go to state 138


state 133

    (4) for_loop -> INT ID SEMICOLON FOR LPAREN INT ID EQUALS NUM SEMICOLON ID LEQ NUM SEMICOLON ID PLUS PLUS RPAREN LBRACE SYSTEM DOT OUT DOT PRINTLN LPAREN STRING . PLUS NUM RPAREN SEMICOLON RBRACE

    PLUS            shift and go to state 139


state 134

    (2) for_loop -> INT ID SEMICOLON FOR LPAREN ID EQUALS NUM SEMICOLON ID LEQ NUM SEMICOLON ID PLUS PLUS RPAREN LBRACE SYSTEM DOT OUT DOT PRINTLN LPAREN STRING PLUS . NUM RPAREN SEMICOLON RBRACE

    NUM             shift and go to state 140


state 135

    (3) for_loop -> INT ID EQUALS NUM SEMICOLON FOR LPAREN ID SEMICOLON ID LEQ NUM SEMICOLON ID PLUS PLUS RPAREN LBRACE SYSTEM DOT OUT DOT PRINTLN LPAREN STRING PLUS . NUM RPAREN SEMICOLON RBRACE

    NUM             shift and go to state 141


state 136

    (1) for_loop -> FOR LPAREN INT ID EQUALS NUM SEMICOLON ID LEQ NUM SEMICOLON ID PLUS PLUS RPAREN LBRACE SYSTEM DOT OUT DOT PRINTLN LPAREN STRING PLUS NUM RPAREN SEMICOLON . RBRACE

    RBRACE          shift and go to state 142


state 137

    (6) for_loop -> FOR LPAREN INT ID EQUALS NUM SEMICOLON ID LEQ NUM SEMICOLON ID LESS LESS RPAREN LBRACE SYSTEM DOT OUT DOT PRINTLN LPAREN STRING PLUS NUM RPAREN SEMICOLON . RBRACE

    RBRACE          shift and go to state 143


state 138

    (5) for_loop -> INT ID SEMICOLON INT ID SEMICOLON FOR LPAREN INT ID EQUALS NUM SEMICOLON ID LEQ NUM SEMICOLON ID PLUS PLUS RPAREN LBRACE SYSTEM DOT OUT DOT PRINTLN . LPAREN STRING PLUS NUM RPAREN SEMICOLON RBRACE

    LPAREN          shift and go to state 144


state 139

    (4) for_loop -> INT ID SEMICOLON FOR LPAREN INT ID EQUALS NUM SEMICOLON ID LEQ NUM SEMICOLON ID PLUS PLUS RPAREN LBRACE SYSTEM DOT OUT DOT PRINTLN LPAREN STRING PLUS . NUM RPAREN SEMICOLON RBRACE

    NUM             shift and go to state 145


state 140

    (2) for_loop -> INT ID SEMICOLON FOR LPAREN ID EQUALS NUM SEMICOLON ID LEQ NUM SEMICOLON ID PLUS PLUS RPAREN LBRACE SYSTEM DOT OUT DOT PRINTLN LPAREN STRING PLUS NUM . RPAREN SEMICOLON RBRACE

    RPAREN          shift and go to state 146


state 141

    (3) for_loop -> INT ID EQUALS NUM SEMICOLON FOR LPAREN ID SEMICOLON ID LEQ NUM SEMICOLON ID PLUS PLUS RPAREN LBRACE SYSTEM DOT OUT DOT PRINTLN LPAREN STRING PLUS NUM . RPAREN SEMICOLON RBRACE

    RPAREN          shift and go to state 147


state 142

    (1) for_loop -> FOR LPAREN INT ID EQUALS NUM SEMICOLON ID LEQ NUM SEMICOLON ID PLUS PLUS RPAREN LBRACE SYSTEM DOT OUT DOT PRINTLN LPAREN STRING PLUS NUM RPAREN SEMICOLON RBRACE .

    $end            reduce using rule 1 (for_loop -> FOR LPAREN INT ID EQUALS NUM SEMICOLON ID LEQ NUM SEMICOLON ID PLUS PLUS RPAREN LBRACE SYSTEM DOT OUT DOT PRINTLN LPAREN STRING PLUS NUM RPAREN SEMICOLON RBRACE .)


state 143

    (6) for_loop -> FOR LPAREN INT ID EQUALS NUM SEMICOLON ID LEQ NUM SEMICOLON ID LESS LESS RPAREN LBRACE SYSTEM DOT OUT DOT PRINTLN LPAREN STRING PLUS NUM RPAREN SEMICOLON RBRACE .

    $end            reduce using rule 6 (for_loop -> FOR LPAREN INT ID EQUALS NUM SEMICOLON ID LEQ NUM SEMICOLON ID LESS LESS RPAREN LBRACE SYSTEM DOT OUT DOT PRINTLN LPAREN STRING PLUS NUM RPAREN SEMICOLON RBRACE .)


state 144

    (5) for_loop -> INT ID SEMICOLON INT ID SEMICOLON FOR LPAREN INT ID EQUALS NUM SEMICOLON ID LEQ NUM SEMICOLON ID PLUS PLUS RPAREN LBRACE SYSTEM DOT OUT DOT PRINTLN LPAREN . STRING PLUS NUM RPAREN SEMICOLON RBRACE

    STRING          shift and go to state 148


state 145

    (4) for_loop -> INT ID SEMICOLON FOR LPAREN INT ID EQUALS NUM SEMICOLON ID LEQ NUM SEMICOLON ID PLUS PLUS RPAREN LBRACE SYSTEM DOT OUT DOT PRINTLN LPAREN STRING PLUS NUM . RPAREN SEMICOLON RBRACE

    RPAREN          shift and go to state 149


state 146

    (2) for_loop -> INT ID SEMICOLON FOR LPAREN ID EQUALS NUM SEMICOLON ID LEQ NUM SEMICOLON ID PLUS PLUS RPAREN LBRACE SYSTEM DOT OUT DOT PRINTLN LPAREN STRING PLUS NUM RPAREN . SEMICOLON RBRACE

    SEMICOLON       shift and go to state 150


state 147

    (3) for_loop -> INT ID EQUALS NUM SEMICOLON FOR LPAREN ID SEMICOLON ID LEQ NUM SEMICOLON ID PLUS PLUS RPAREN LBRACE SYSTEM DOT OUT DOT PRINTLN LPAREN STRING PLUS NUM RPAREN . SEMICOLON RBRACE

    SEMICOLON       shift and go to state 151


state 148

    (5) for_loop -> INT ID SEMICOLON INT ID SEMICOLON FOR LPAREN INT ID EQUALS NUM SEMICOLON ID LEQ NUM SEMICOLON ID PLUS PLUS RPAREN LBRACE SYSTEM DOT OUT DOT PRINTLN LPAREN STRING . PLUS NUM RPAREN SEMICOLON RBRACE

    PLUS            shift and go to state 152


state 149

    (4) for_loop -> INT ID SEMICOLON FOR LPAREN INT ID EQUALS NUM SEMICOLON ID LEQ NUM SEMICOLON ID PLUS PLUS RPAREN LBRACE SYSTEM DOT OUT DOT PRINTLN LPAREN STRING PLUS NUM RPAREN . SEMICOLON RBRACE

    SEMICOLON       shift and go to state 153


state 150

    (2) for_loop -> INT ID SEMICOLON FOR LPAREN ID EQUALS NUM SEMICOLON ID LEQ NUM SEMICOLON ID PLUS PLUS RPAREN LBRACE SYSTEM DOT OUT DOT PRINTLN LPAREN STRING PLUS NUM RPAREN SEMICOLON . RBRACE

    RBRACE          shift and go to state 154


state 151

    (3) for_loop -> INT ID EQUALS NUM SEMICOLON FOR LPAREN ID SEMICOLON ID LEQ NUM SEMICOLON ID PLUS PLUS RPAREN LBRACE SYSTEM DOT OUT DOT PRINTLN LPAREN STRING PLUS NUM RPAREN SEMICOLON . RBRACE

    RBRACE          shift and go to state 155


state 152

    (5) for_loop -> INT ID SEMICOLON INT ID SEMICOLON FOR LPAREN INT ID EQUALS NUM SEMICOLON ID LEQ NUM SEMICOLON ID PLUS PLUS RPAREN LBRACE SYSTEM DOT OUT DOT PRINTLN LPAREN STRING PLUS . NUM RPAREN SEMICOLON RBRACE

    NUM             shift and go to state 156


state 153

    (4) for_loop -> INT ID SEMICOLON FOR LPAREN INT ID EQUALS NUM SEMICOLON ID LEQ NUM SEMICOLON ID PLUS PLUS RPAREN LBRACE SYSTEM DOT OUT DOT PRINTLN LPAREN STRING PLUS NUM RPAREN SEMICOLON . RBRACE

    RBRACE          shift and go to state 157


state 154

    (2) for_loop -> INT ID SEMICOLON FOR LPAREN ID EQUALS NUM SEMICOLON ID LEQ NUM SEMICOLON ID PLUS PLUS RPAREN LBRACE SYSTEM DOT OUT DOT PRINTLN LPAREN STRING PLUS NUM RPAREN SEMICOLON RBRACE .

    $end            reduce using rule 2 (for_loop -> INT ID SEMICOLON FOR LPAREN ID EQUALS NUM SEMICOLON ID LEQ NUM SEMICOLON ID PLUS PLUS RPAREN LBRACE SYSTEM DOT OUT DOT PRINTLN LPAREN STRING PLUS NUM RPAREN SEMICOLON RBRACE .)


state 155

    (3) for_loop -> INT ID EQUALS NUM SEMICOLON FOR LPAREN ID SEMICOLON ID LEQ NUM SEMICOLON ID PLUS PLUS RPAREN LBRACE SYSTEM DOT OUT DOT PRINTLN LPAREN STRING PLUS NUM RPAREN SEMICOLON RBRACE .

    $end            reduce using rule 3 (for_loop -> INT ID EQUALS NUM SEMICOLON FOR LPAREN ID SEMICOLON ID LEQ NUM SEMICOLON ID PLUS PLUS RPAREN LBRACE SYSTEM DOT OUT DOT PRINTLN LPAREN STRING PLUS NUM RPAREN SEMICOLON RBRACE .)


state 156

    (5) for_loop -> INT ID SEMICOLON INT ID SEMICOLON FOR LPAREN INT ID EQUALS NUM SEMICOLON ID LEQ NUM SEMICOLON ID PLUS PLUS RPAREN LBRACE SYSTEM DOT OUT DOT PRINTLN LPAREN STRING PLUS NUM . RPAREN SEMICOLON RBRACE

    RPAREN          shift and go to state 158


state 157

    (4) for_loop -> INT ID SEMICOLON FOR LPAREN INT ID EQUALS NUM SEMICOLON ID LEQ NUM SEMICOLON ID PLUS PLUS RPAREN LBRACE SYSTEM DOT OUT DOT PRINTLN LPAREN STRING PLUS NUM RPAREN SEMICOLON RBRACE .

    $end            reduce using rule 4 (for_loop -> INT ID SEMICOLON FOR LPAREN INT ID EQUALS NUM SEMICOLON ID LEQ NUM SEMICOLON ID PLUS PLUS RPAREN LBRACE SYSTEM DOT OUT DOT PRINTLN LPAREN STRING PLUS NUM RPAREN SEMICOLON RBRACE .)


state 158

    (5) for_loop -> INT ID SEMICOLON INT ID SEMICOLON FOR LPAREN INT ID EQUALS NUM SEMICOLON ID LEQ NUM SEMICOLON ID PLUS PLUS RPAREN LBRACE SYSTEM DOT OUT DOT PRINTLN LPAREN STRING PLUS NUM RPAREN . SEMICOLON RBRACE

    SEMICOLON       shift and go to state 159


state 159

    (5) for_loop -> INT ID SEMICOLON INT ID SEMICOLON FOR LPAREN INT ID EQUALS NUM SEMICOLON ID LEQ NUM SEMICOLON ID PLUS PLUS RPAREN LBRACE SYSTEM DOT OUT DOT PRINTLN LPAREN STRING PLUS NUM RPAREN SEMICOLON . RBRACE

    RBRACE          shift and go to state 160


state 160

    (5) for_loop -> INT ID SEMICOLON INT ID SEMICOLON FOR LPAREN INT ID EQUALS NUM SEMICOLON ID LEQ NUM SEMICOLON ID PLUS PLUS RPAREN LBRACE SYSTEM DOT OUT DOT PRINTLN LPAREN STRING PLUS NUM RPAREN SEMICOLON RBRACE .

    $end            reduce using rule 5 (for_loop -> INT ID SEMICOLON INT ID SEMICOLON FOR LPAREN INT ID EQUALS NUM SEMICOLON ID LEQ NUM SEMICOLON ID PLUS PLUS RPAREN LBRACE SYSTEM DOT OUT DOT PRINTLN LPAREN STRING PLUS NUM RPAREN SEMICOLON RBRACE .)

